--2014-03-15 22:51:29--  http://202.109.110.121/simsoft/api/traderapi_ios.rar
Connecting to 202.109.110.121:80... connected.
HTTP request sent, awaiting response... 200 OK
Length: 745719 (728K) [text/plain]
Saving to: ‘traderapi_ios.rar’

     0K ......--2014-03-15 22:52:09--  http://202.109.110.121/simsoft/api/6.2.0_201312041840_traderapi_linux64.tar
Connecting to 202.109.110.121:80... connected.
HTTP request sent, awaiting response... 200 OK
Length: 5048320 (4.8M) [application/x-tar]
Saving to: ‘6.2.0_201312041840_traderapi_linux64.tar’

     0K .....--2014-03-15 22:52:31--  http://202.109.110.121/simsoft/api/6.2.0_20131205_tradeapi_windows.zip
Connecting to 202.109.110.121:80... connected.
HTTP request sent, awaiting response... 200 OK
Length: 760411 (743K) [application/zip]
Saving to: ‘6.2.0_20131205_tradeapi_windows.zip’

     0K .......... .......... .............. ..... ........ ......... ............. ........  6% 2.57K 4m30s
    50K ................ ........ .......  1% 1.08K 75m23s......
    50K ...... .......... ............. ..... .......... .......... ......... 13% 4.55K 3m16s
   100K ......... ............ ........... .......... ............ ............ 20% 1.77K 3m52s
   150K .......... .......  2% 1.35K 67m2s..... ..
   100K ............ .............. ..... ......... 26% 6.54K 3m0s
   200K .......... .................. .......... .......... ....... ......                                       2%  125 =2m14s

2014-03-15 22:53:45 (125 B/s) - Connection closed at byte 16656. Retrying.

... .......... .......... 33% 10.2K 2m20s
   250K ......--2014-03-15 22:53:46--  (try: 2)  http://202.109.110.121/simsoft/api/traderapi_ios.rar
Connecting to 202.109.110.121:80... .... ............. .......... ..........  3% 3.66K 51m29s
   150K ........connected.
HTTP request sent, awaiting response... . ..... .......... ...206 Partial Content
Length: 745719 (728K), 729063 (712K) remaining [text/plain]
Saving to: ‘traderapi_ios.rar’

     0K ,,,,,,,,,, ,,,,,,.... .......... ......... .......... ............... 40% 4.27K 2m2s
   300K .......... ..........  4% 5.47K 41m49s. .......
   200K .......... ........... ......... ............... .......... ........... ............ 47% 8.89K 99s
   350K ......... ............ .........  5% 6.80K 35m23s
   250K ............. ... .......... ........... ............ ............ 53% 6.63K 82s
   400K .......... .......... .......... .......... .......... 60% 27.3K 64s
   450K .......... .......... .......... ............ .......... 67% 36.7K 48s
   500K ...... ......... .............. ......... ............  6% 2.19K 35m3s
   300K .......... ..... ............. ...... ................ 74% 1.56K 46s
   550K .. ................... . .............. ........... ....  7% 1.88K 35m31s
   350K .............. ....  6%  790  21m43s
    50K ........... .... ................. ................ ...... ......... ......... 80% 3.15K 35s
   600K ........ ......  8% 5.83K 32m21s
   400K ............ .......... ............. ....... ...... .......... ............... ........... ........... ................. 87% 6.58K 22s
   650K ...... 13% 3.52K 9m53s
   100K ........ ..........  9% 6.89K 29m39s
   450K ........ .......... ................ ............ .......... ......... .......... 94% 7.79K 10s
   700K ..... .............. .............. .......... . ............ ... 10% 5.30K 27m47s...
   500K ............ ..        100% 9.27K=2m46s

2014-03-15 22:55:20 (4.48 KB/s) - ‘6.2.0_20131205_tradeapi_windows.zip’ saved [760411/760411]

... .......... .......... ................. ..... .......... 11% 5.73K 26m8s
   550K .............. .......... .......... ....... ....... ................ 12% 8.02K 24m25s
   600K .......... ...... .......... 20% 1.88K 7m37s
   150K ............. ......... .............. ....... ............ .. ........... ................. 27% 3.11K 5m50s. 13% 2.77K 24m16s
   200K ......
   650K .......... .......... .......... .......... .......... 14% 2.28K 24m28s
   700K .......... .......... ........... .......... ........... 15% 3.51K 23m54s
   750K .......... .......... .......... ... .......... .............. 16% 3.17K 23m30s
   800K ............... .......... ......... .. ............. ............... .......... 17% 5.47K 22m34s
   850K ... ........... .......... .............. 34%  715  6m36s
   250K ........... ..... .......... ............. .......... 18% 2.03K 22m54s
   900K ............. ......... ........ ............. ......... 41% 1.71K 5m36s
   300K ......... ............ ..... ....... 19% 2.53K 22m48s
   950K ................. ........ ............ ..... ............... .... ................. .......... 20% 2.59K 22m39s
  1000K ......... 48% 1.95K 4m41s
   350K ..... ................. .... ................ .... ............... ..... ........... ...... 21% 2.55K 22m30s
  1050K .............. .......... ............. 54% 2.18K 3m52s
   400K ........ .......... ...... ............ 22% 4.62K 21m50s
  1100K ............ ........... ........... .......... .......... 23% 6.36K 21m3s
  1150K .... ............ ......... ................. . .......... 61% 1.80K 3m12s..
   450K .............. ...... ............. ........... 24% 2.24K 21m3s
  1200K ........... ....... ......... ............ ............. ........... 68% 2.09K 2m32s
   500K .......... ....... ....... ................ ...... ........... .......... 25% 2.02K 21m9s
  1250K ........ 75% 4.48K 1m52s
   550K .......... ......... .............. ..... ......... .......... .......... 82% 2.84K 77s
   600K .......... .......... .......... .......... .......... 89% 6.79K 44s
   650K .......... .......... .......... .......... .......... 96% 3.33K 15s
   700K .......... .......... ........                        100% 4.42K=6m20s

2014-03-15 23:00:12 (1.87 KB/s) - ‘traderapi_ios.rar’ saved [745719/745719]

........ .......... .......... 26%  488  24m57s
  1300K .......... .......... .......... .......... .......... 27% 1.63K 25m3s
  1350K .......... .......... .......... .......... .......... 28% 3.18K 24m29s
  1400K .......... .......... .......... .......... .......... 29% 2.10K 24m15s
  1450K .......... .......... .......... .......... .......... 30% 3.08K 23m43s
  1500K .......... .......... .......... .......... .......... 31% 1.90K 23m35s
  1550K .......... .......... .......... .......... .......... 32% 4.21K 22m55s
  1600K .......... .......... .......... .......... .......... 33% 5.58K 22m11s
  1650K .......... .......... .......... .......... .......... 34% 4.16K 21m35s
  1700K .......... .......... .......... .......... .......... 35% 6.26K 20m53s
  1750K .......... .......... .......... .......... .......... 36% 20.6K 20m4s
  1800K .......... .......... .......... .......... .......... 37% 8.27K 19m22s
  1850K .......... .......... .......... .......... .......... 38% 25.8K 18m36s
  1900K .......... .......... .......... .......... .......... 39% 7.90K 18m0s
  1950K .......... .......... .......... .......... .......... 40% 11.1K 17m22s
  2000K .......... .......... .......... .......... .......... 41% 7.63K 16m48s
  2050K .......... .......... .......... .......... .......... 42% 13.8K 16m12s
  2100K .......... .......... .......... .......... .......... 43% 4.12K 15m48s
  2150K .......... .......... .......... .......... .......... 44% 20.6K 15m13s
  2200K .......... .......... .......... .......... .......... 45% 20.5K 14m39s
  2250K .......... .......... .......... .......... .......... 46% 18.9K 14m7s
  2300K .......... .......... .......... .......... .......... 47% 11.7K 13m38s
  2350K .......... .......... .......... .......... .......... 48% 7.45K 13m12s
  2400K .......... .......... .......... .......... .......... 49% 1.85K 13m8s
  2450K .......... .......... .......... .......... .......... 50% 6.81K 12m44s
  2500K .......... .......... .......... .......... .......... 51% 25.2K 12m16s
  2550K .......... .......... .......... .......... .......... 52% 6.68K 11m53s
  2600K .......... .......... .......... .......... .......... 53% 2.62K 11m41s
  2650K .......... .......... .......... .......... .......... 54% 8.01K 11m18s
  2700K .......... .......... .......... .......... .......... 55% 9.68K 10m55s
  2750K .......... .......... .......... .......... .......... 56% 4.17K 10m37s
  2800K .......... .......... .......... .......... .......... 57% 4.97K 10m19s
  2850K .......... .......... .......... .......... .......... 58% 8.45K 9m58s
  2900K .......... .......... .......... .......... .......... 59% 6.29K 9m39s
  2950K .......... .......... .......... .......... .......... 60% 9.34K 9m18s
  3000K .......... .......... .......... .......... .......... 61% 11.5K 8m57s
  3050K .......... .......... .......... .......... .......... 62% 7.01K 8m39s
  3100K .......... .......... .......... .......... .......... 63% 12.8K 8m19s
  3150K .......... .......... .......... .......... .......... 64% 9.69K 8m0s
  3200K .......... .......... .......... .......... .......... 65% 13.2K 7m41s
  3250K .......... .......... .......... .......... .......... 66% 18.5K 7m22s
  3300K .......... .......... .......... .......... .......... 67% 7.87K 7m5s
  3350K .......... .......... .......... .......... .......... 68% 10.3K 6m47s
  3400K .......... .......... .......... .......... .......... 69% 9.07K 6m31s
  3450K .......... .......... .......... .......... .......... 70% 9.04K 6m14s
  3500K .......... .......... .......... .......... .......... 72% 17.9K 5m57s
  3550K .......... .......... .......... .......... .......... 73% 25.3K 5m40s
  3600K .......... .......... .......... .......... .......... 74% 10.9K 5m25s
  3650K .......... .......... .......... .......... .......... 75% 16.1K 5m9s
  3700K .......... .......... .......... .......... .......... 76% 18.9K 4m53s
  3750K .......... .......... .......... .......... .......... 77% 7.59K 4m39s
  3800K .......... .......... .......... .......... .......... 78% 7.92K 4m25s
  3850K .......... .......... .......... .......... .......... 79% 11.4K 4m11s
  3900K .......... .......... .......... .......... .......... 80% 6.15K 3m57s
  3950K .......... .......... .......... .......... .......... 81% 4.48K 3m45s
  4000K .......... .......... .......... .......... .......... 82% 1.32K 3m39s
  4050K .......... .......... .......... .......... .......... 83% 2.21K 3m28s
  4100K .......... .......... .......... .......... .......... 84% 3.68K 3m16s
  4150K .......... .......... .......... .......... .......... 85% 22.9K 3m2s
  4200K .......... .......... .......... .......... .......... 86% 13.0K 2m48s
  4250K .......... .......... .......... .......... .......... 87% 1.89K 2m37s
  4300K .......... .......... .......... .......... .......... 88% 44.4K 2m23s
  4350K .......... .......... .......... .......... .......... 89% 49.1K 2m10s
  4400K .......... .......... .......... .......... .......... 90% 62.3K 1m56s
  4450K .......... .......... .......... .......... .......... 91% 52.6K 1m43s
  4500K .......... .......... .......... .......... .......... 92% 33.2K 90s
  4550K .......... .......... .......... .......... .......... 93% 67.6K 78s
  4600K .......... .......... .......... .......... .......... 94% 26.8K 65s
  4650K .......... .......... .......... .......... .......... 95% 49.4K 53s
  4700K .......... .......... .......... .......... .......... 96% 65.3K 41s
  4750K .......... .......... .......... .......... .......... 97% 41.2K 29s
  4800K .......... .......... .......... .......... .......... 98% 53.6K 18s
  4850K .......... .......... .......... .......... .......... 99% 58.2K 7s
  4900K .......... .......... ..........                      100% 65.7K=18m8s

2014-03-15 23:10:20 (4.53 KB/s) - ‘6.2.0_201312041840_traderapi_linux64.tar’ saved [5048320/5048320]

